<?xml version="1.0" encoding="UTF-8"?>
<persistence version="2.1" xmlns="http://xmlns.jcp.org/xml/ns/persistence" xmlns:xsi="http://www.w3.org/2001/XMLSchema-instance" xsi:schemaLocation="http://xmlns.jcp.org/xml/ns/persistence http://xmlns.jcp.org/xml/ns/persistence/persistence_2_1.xsd">
  <persistence-unit name="testAuthPU" transaction-type="JTA">
    <class>it.polimi.meteocal.entity.Calendar</class>
    <class>it.polimi.meteocal.entity.Contact</class>
    <class>it.polimi.meteocal.entity.Event</class>
    <class>it.polimi.meteocal.entity.Token</class>
    <class>it.polimi.meteocal.entity.Update</class>
    <class>it.polimi.meteocal.entity.User</class>
    <class>it.polimi.meteocal.entity.WeatherCondition</class>
    <class>org.glassfish.ejb.persistent.timer.TimerState</class>
    <exclude-unlisted-classes>false</exclude-unlisted-classes>
    <properties>
      <property name="javax.persistence.schema-generation.database.action" value="create"/>
    </properties>
  </persistence-unit>
</persistence>
